#
# There is insufficient memory for the Java Runtime Environment to continue.
# Native memory allocation (mmap) failed to map 268435456 bytes for Failed to commit area from 0x0000000700e00000 to 0x0000000710e00000 of length 268435456.
# Possible reasons:
#   The system is out of physical RAM or swap space
#   The process is running with CompressedOops enabled, and the Java Heap may be blocking the growth of the native heap
# Possible solutions:
#   Reduce memory load on the system
#   Increase physical memory or swap space
#   Check if swap backing store is full
#   Decrease Java heap size (-Xmx/-Xms)
#   Decrease number of Java threads
#   Decrease Java thread stack sizes (-Xss)
#   Set larger code cache with -XX:ReservedCodeCacheSize=
#   JVM is running with Zero Based Compressed Oops mode in which the Java heap is
#     placed in the first 32GB address space. The Java Heap base address is the
#     maximum limit for the native heap growth. Please use -XX:HeapBaseMinAddress
#     to set the Java Heap base and to place the Java Heap above 32GB virtual address.
# This output file may be truncated or incomplete.
#
#  Out of Memory Error (./open/src/hotspot/os/windows/os_windows.cpp:3315), pid=26124, tid=3528
#
# JRE version:  (14.0.2+12) (build )
# Java VM: OpenJDK 64-Bit Server VM (14.0.2+12-46, mixed mode, sharing, tiered, compressed oops, g1 gc, windows-amd64)
# No core dump will be written. Minidumps are not enabled by default on client versions of Windows
#

---------------  S U M M A R Y ------------

Command Line: -Dfile.encoding=MS949 -XX:+ShowCodeDetailsInExceptionMessages com.bit.exercise.Ex01

Host: Intel(R) Core(TM) i5-7500 CPU @ 3.40GHz, 4 cores, 15G,  Windows 10 , 64 bit Build 18362 (10.0.18362.1110)
Time: Sun Jan  3 22:44:10 2021 ¢¥eCN©öI¡¾©ö C¡ÍA¨ª¨öA elapsed time: 0 seconds (0d 0h 0m 0s)

---------------  T H R E A D  ---------------

Current thread (0x000002504866a000):  JavaThread "Unknown thread" [_thread_in_vm, id=3528, stack(0x000000e5ebd00000,0x000000e5ebe00000)]

Stack: [0x000000e5ebd00000,0x000000e5ebe00000]
Native frames: (J=compiled Java code, j=interpreted, Vv=VM code, C=native code)
V  [jvm.dll+0x5f8a9a]
V  [jvm.dll+0x74247a]
V  [jvm.dll+0x743c2f]
V  [jvm.dll+0x744273]
V  [jvm.dll+0x20d288]
V  [jvm.dll+0x5f5dea]
V  [jvm.dll+0x5eac45]
V  [jvm.dll+0x2c7e9c]
V  [jvm.dll+0x2c7cd2]
V  [jvm.dll+0x2cdbbc]
V  [jvm.dll+0x313fe8]
V  [jvm.dll+0x313710]
V  [jvm.dll+0x2a092a]
V  [jvm.dll+0x2a1a79]
V  [jvm.dll+0x71fd48]
V  [jvm.dll+0x321c14]
V  [jvm.dll+0x70112c]
V  [jvm.dll+0x392def]
V  [jvm.dll+0x394e61]
C  [jli.dll+0x524b]
C  [ucrtbase.dll+0x210b2]
C  [KERNEL32.DLL+0x17c24]
C  [ntdll.dll+0x6d4d1]


---------------  P R O C E S S  ---------------

Threads class SMR info:
_java_thread_list=0x00007ffdf70a3038, length=0, elements={
}

Java Threads: ( => current thread )

Other Threads:
  0x00000250486d3000 GCTaskThread "GC Thread#0" [stack: 0x000000e5ebe00000,0x000000e5ebf00000] [id=29060]
  0x00000250486f5000 ConcurrentGCThread "G1 Main Marker" [stack: 0x000000e5ebf00000,0x000000e5ec000000] [id=29324]
  0x00000250486f9000 ConcurrentGCThread "G1 Conc#0" [stack: 0x000000e5ec000000,0x000000e5ec100000] [id=23532]

[error occurred during error reporting (printing all threads), id 0xc0000005, EXCEPTION_ACCESS_VIOLATION (0xc0000005) at pc=0x00007ffdf68d1257]

VM state:not at safepoint (not fully initialized)

VM Mutex/Monitor currently owned by a thread:  ([mutex/lock_event])
[0x0000025048666c50] Heap_lock - owner thread: 0x000002504866a000

Heap address: 0x0000000700e00000, size: 4082 MB, Compressed Oops mode: Zero based, Oop shift amount: 3
Narrow klass base: 0x0000000000000000, Narrow klass shift: 0

GC Heap History (0 events):
No events

Deoptimization events (0 events):
No events

Classes unloaded (0 events):
No events

Classes redefined (0 events):
No events

Internal exceptions (0 events):
No events

Events (2 events):
Event: 0.022 Loaded shared library C:\Users\stxz\.p2\pool\plugins\org.eclipse.justj.openjdk.hotspot.jre.full.win32.x86_64_14.0.2.v20200815-0932\jre\bin\java.dll
Event: 0.024 Loaded shared library C:\Users\stxz\.p2\pool\plugins\org.eclipse.justj.openjdk.hotspot.jre.full.win32.x86_64_14.0.2.v20200815-0932\jre\bin\zip.dll


Dynamic libraries:
0x00007ff7522e0000 - 0x00007ff7522ed000 	C:\Users\stxz\.p2\pool\plugins\org.eclipse.justj.openjdk.hotspot.jre.full.win32.x86_64_14.0.2.v20200815-0932\jre\bin\javaw.exe
0x00007ffe389a0000 - 0x00007ffe38b90000 	C:\WINDOWS\SYSTEM32\ntdll.dll
0x00007ffe37510000 - 0x00007ffe375c2000 	C:\WINDOWS\System32\KERNEL32.DLL
0x00007ffe36230000 - 0x00007ffe364d5000 	C:\WINDOWS\System32\KERNELBASE.dll
0x00007ffe360a0000 - 0x00007ffe3619a000 	C:\WINDOWS\System32\ucrtbase.dll
0x00007ffe1a3d0000 - 0x00007ffe1a3e8000 	C:\Users\stxz\.p2\pool\plugins\org.eclipse.justj.openjdk.hotspot.jre.full.win32.x86_64_14.0.2.v20200815-0932\jre\bin\jli.dll
0x00007ffe1a3b0000 - 0x00007ffe1a3c5000 	C:\Users\stxz\.p2\pool\plugins\org.eclipse.justj.openjdk.hotspot.jre.full.win32.x86_64_14.0.2.v20200815-0932\jre\bin\VCRUNTIME140.dll
0x00007ffe37110000 - 0x00007ffe372a4000 	C:\WINDOWS\System32\USER32.dll
0x00007ffe365e0000 - 0x00007ffe36601000 	C:\WINDOWS\System32\win32u.dll
0x00007ffe38740000 - 0x00007ffe38766000 	C:\WINDOWS\System32\GDI32.dll
0x00007ffe36880000 - 0x00007ffe36a16000 	C:\WINDOWS\System32\gdi32full.dll
0x00007ffe36780000 - 0x00007ffe3681e000 	C:\WINDOWS\System32\msvcp_win.dll
0x00007ffe24b00000 - 0x00007ffe24d84000 	C:\WINDOWS\WinSxS\amd64_microsoft.windows.common-controls_6595b64144ccf1df_6.0.18362.1256_none_9e7e379be45e40e2\COMCTL32.dll
0x00007ffe375d0000 - 0x00007ffe3766e000 	C:\WINDOWS\System32\msvcrt.dll
0x00007ffe37f20000 - 0x00007ffe38256000 	C:\WINDOWS\System32\combase.dll
0x00007ffe37320000 - 0x00007ffe37440000 	C:\WINDOWS\System32\RPCRT4.dll
0x00007ffe361a0000 - 0x00007ffe36221000 	C:\WINDOWS\System32\bcryptPrimitives.dll
0x00007ffe36d20000 - 0x00007ffe36d4e000 	C:\WINDOWS\System32\IMM32.DLL
0x00007ffe11330000 - 0x00007ffe113cb000 	C:\Users\stxz\.p2\pool\plugins\org.eclipse.justj.openjdk.hotspot.jre.full.win32.x86_64_14.0.2.v20200815-0932\jre\bin\msvcp140.dll
0x00007ffdf6620000 - 0x00007ffdf713e000 	C:\Users\stxz\.p2\pool\plugins\org.eclipse.justj.openjdk.hotspot.jre.full.win32.x86_64_14.0.2.v20200815-0932\jre\bin\server\jvm.dll
0x00007ffe387d0000 - 0x00007ffe38873000 	C:\WINDOWS\System32\ADVAPI32.dll
0x00007ffe36ab0000 - 0x00007ffe36b47000 	C:\WINDOWS\System32\sechost.dll
0x00007ffe36f40000 - 0x00007ffe36f48000 	C:\WINDOWS\System32\PSAPI.DLL
0x00007ffe32400000 - 0x00007ffe32409000 	C:\WINDOWS\SYSTEM32\WSOCK32.dll
0x00007ffe38260000 - 0x00007ffe382cf000 	C:\WINDOWS\System32\WS2_32.dll
0x00007ffe2d0a0000 - 0x00007ffe2d0c4000 	C:\WINDOWS\SYSTEM32\WINMM.dll
0x00007ffe2ff40000 - 0x00007ffe2ff4a000 	C:\WINDOWS\SYSTEM32\VERSION.dll
0x00007ffe2d070000 - 0x00007ffe2d09d000 	C:\WINDOWS\SYSTEM32\WINMMBASE.dll
0x00007ffe364e0000 - 0x00007ffe3652a000 	C:\WINDOWS\System32\cfgmgr32.dll
0x00007ffe35850000 - 0x00007ffe35861000 	C:\WINDOWS\System32\kernel.appcore.dll
0x00007ffe2e8a0000 - 0x00007ffe2e8aa000 	C:\Users\stxz\.p2\pool\plugins\org.eclipse.justj.openjdk.hotspot.jre.full.win32.x86_64_14.0.2.v20200815-0932\jre\bin\jimage.dll
0x00007ffe2d180000 - 0x00007ffe2d374000 	C:\WINDOWS\SYSTEM32\DBGHELP.DLL
0x00007ffe2cd90000 - 0x00007ffe2cdba000 	C:\WINDOWS\SYSTEM32\dbgcore.DLL
0x00007ffe11510000 - 0x00007ffe11535000 	C:\Users\stxz\.p2\pool\plugins\org.eclipse.justj.openjdk.hotspot.jre.full.win32.x86_64_14.0.2.v20200815-0932\jre\bin\java.dll
0x00007ffe1ab20000 - 0x00007ffe1ab36000 	C:\Users\stxz\.p2\pool\plugins\org.eclipse.justj.openjdk.hotspot.jre.full.win32.x86_64_14.0.2.v20200815-0932\jre\bin\zip.dll

dbghelp: loaded successfully - version: 4.0.5 - missing functions: none
symbol engine: initialized successfully - sym options: 0x614 - pdb path: .;C:\Users\stxz\.p2\pool\plugins\org.eclipse.justj.openjdk.hotspot.jre.full.win32.x86_64_14.0.2.v20200815-0932\jre\bin;C:\WINDOWS\SYSTEM32;C:\WINDOWS\WinSxS\amd64_microsoft.windows.common-controls_6595b64144ccf1df_6.0.18362.1256_none_9e7e379be45e40e2;C:\Users\stxz\.p2\pool\plugins\org.eclipse.justj.openjdk.hotspot.jre.full.win32.x86_64_14.0.2.v20200815-0932\jre\bin\server

VM Arguments:
jvm_args: -Dfile.encoding=MS949 -XX:+ShowCodeDetailsInExceptionMessages 
java_command: com.bit.exercise.Ex01
java_class_path (initial): C:\Users\stxz\Desktop\bitcamp\javaWork\day18\bin
Launcher Type: SUN_STANDARD

[Global flags]
     intx CICompilerCount                          = 3                                         {product} {ergonomic}
     uint ConcGCThreads                            = 1                                         {product} {ergonomic}
     uint G1ConcRefinementThreads                  = 4                                         {product} {ergonomic}
   size_t G1HeapRegionSize                         = 1048576                                   {product} {ergonomic}
    uintx GCDrainStackTargetSize                   = 64                                        {product} {ergonomic}
   size_t InitialHeapSize                          = 268435456                                 {product} {ergonomic}
   size_t MarkStackSize                            = 4194304                                   {product} {ergonomic}
   size_t MaxHeapSize                              = 4280287232                                {product} {ergonomic}
   size_t MinHeapDeltaBytes                        = 1048576                                   {product} {ergonomic}
   size_t MinHeapSize                              = 8388608                                   {product} {ergonomic}
    uintx NonNMethodCodeHeapSize                   = 5832780                                {pd product} {ergonomic}
    uintx NonProfiledCodeHeapSize                  = 122912730                              {pd product} {ergonomic}
    uintx ProfiledCodeHeapSize                     = 122912730                              {pd product} {ergonomic}
    uintx ReservedCodeCacheSize                    = 251658240                              {pd product} {ergonomic}
     bool SegmentedCodeCache                       = true                                      {product} {ergonomic}
     bool ShowCodeDetailsInExceptionMessages       = true                                   {manageable} {command line}
   size_t SoftMaxHeapSize                          = 4280287232                             {manageable} {ergonomic}
     bool UseCompressedClassPointers               = true                                 {lp64_product} {ergonomic}
     bool UseCompressedOops                        = true                                 {lp64_product} {ergonomic}
     bool UseG1GC                                  = true                                      {product} {ergonomic}
     bool UseLargePagesIndividualAllocation        = false                                  {pd product} {ergonomic}

Logging:
Log output configuration:
 #0: stdout all=warning uptime,level,tags
 #1: stderr all=off uptime,level,tags

Environment Variables:
JAVA_HOME=C:\Program Files\Java\jdk1.8.0_271
PATH=C:/Users/stxz/.p2/pool/plugins/org.eclipse.justj.openjdk.hotspot.jre.full.win32.x86_64_14.0.2.v20200815-0932/jre/bin/server;C:/Users/stxz/.p2/pool/plugins/org.eclipse.justj.openjdk.hotspot.jre.full.win32.x86_64_14.0.2.v20200815-0932/jre/bin;C:\Program Files (x86)\Common Files\Oracle\Java\javapath;C:\NewGen\Rebirth\Dll;C:\WINDOWS\system32;C:\WINDOWS;C:\WINDOWS\System32\Wbem;C:\WINDOWS\System32\WindowsPowerShell\v1.0\;C:\WINDOWS\System32\OpenSSH\;C:\Program Files (x86)\NVIDIA Corporation\PhysX\Common;C:\Program Files\NVIDIA Corporation\NVIDIA NvDLISR;C:\WINDOWS\system32;C:\WINDOWS;C:\WINDOWS\System32\Wbem;C:\WINDOWS\System32\WindowsPowerShell\v1.0\;C:\WINDOWS\System32\OpenSSH\;C:\Program Files\Java\jdk1.8.0_271\bin;C:\Users\stxz\AppData\Local\Microsoft\WindowsApps;C:\Program Files\Bandizip\;;C:\Program Files (x86)\ESTsoft\ALSee\x64;C:\Users\stxz\Desktop;
USERNAME=stxz
OS=Windows_NT
PROCESSOR_IDENTIFIER=Intel64 Family 6 Model 158 Stepping 9, GenuineIntel



---------------  S Y S T E M  ---------------

OS: Windows 10 , 64 bit Build 18362 (10.0.18362.1110)
OS uptime: 8 days 18:57 hours

CPU:total 4 (initial active 4) (4 cores per cpu, 1 threads per core) family 6 model 158 stepping 9, cmov, cx8, fxsr, mmx, sse, sse2, sse3, ssse3, sse4.1, sse4.2, popcnt, avx, avx2, aes, clmul, erms, rtm, 3dnowpref, lzcnt, tsc, tscinvbit, bmi1, bmi2, adx, fma

Memory: 4k page, system-wide physical 16324M (3351M free)
TotalPageFile size 19251M (AvailPageFile size 212M)
current process WorkingSet (physical memory assigned to process): 10M, peak: 10M
current process commit charge ("private bytes"): 52M, peak: 308M

vm_info: OpenJDK 64-Bit Server VM (14.0.2+12-46) for windows-amd64 JRE (14.0.2+12-46), built on Jul  9 2020 00:31:16 by "mach5one" with MS VC++ 15.9 (VS2017)

END.
