#
# There is insufficient memory for the Java Runtime Environment to continue.
# Native memory allocation (mmap) failed to map 268435456 bytes for Failed to commit area from 0x0000000700e00000 to 0x0000000710e00000 of length 268435456.
# Possible reasons:
#   The system is out of physical RAM or swap space
#   The process is running with CompressedOops enabled, and the Java Heap may be blocking the growth of the native heap
# Possible solutions:
#   Reduce memory load on the system
#   Increase physical memory or swap space
#   Check if swap backing store is full
#   Decrease Java heap size (-Xmx/-Xms)
#   Decrease number of Java threads
#   Decrease Java thread stack sizes (-Xss)
#   Set larger code cache with -XX:ReservedCodeCacheSize=
#   JVM is running with Zero Based Compressed Oops mode in which the Java heap is
#     placed in the first 32GB address space. The Java Heap base address is the
#     maximum limit for the native heap growth. Please use -XX:HeapBaseMinAddress
#     to set the Java Heap base and to place the Java Heap above 32GB virtual address.
# This output file may be truncated or incomplete.
#
#  Out of Memory Error (./open/src/hotspot/os/windows/os_windows.cpp:3315), pid=20264, tid=18760
#
# JRE version:  (14.0.2+12) (build )
# Java VM: OpenJDK 64-Bit Server VM (14.0.2+12-46, mixed mode, sharing, tiered, compressed oops, g1 gc, windows-amd64)
# No core dump will be written. Minidumps are not enabled by default on client versions of Windows
#

---------------  S U M M A R Y ------------

Command Line: -Dfile.encoding=MS949 -XX:+ShowCodeDetailsInExceptionMessages com.bit.day12.Ex08

Host: Intel(R) Core(TM) i5-7500 CPU @ 3.40GHz, 4 cores, 15G,  Windows 10 , 64 bit Build 18362 (10.0.18362.1110)
Time: Tue Dec 22 15:05:05 2020 ¢¥eCN©öI¡¾©ö C¡ÍA¨ª¨öA elapsed time: 0 seconds (0d 0h 0m 0s)

---------------  T H R E A D  ---------------

Current thread (0x000001b6c150a800):  JavaThread "Unknown thread" [_thread_in_vm, id=18760, stack(0x0000003e8bb00000,0x0000003e8bc00000)]

Stack: [0x0000003e8bb00000,0x0000003e8bc00000]
Native frames: (J=compiled Java code, j=interpreted, Vv=VM code, C=native code)
V  [jvm.dll+0x5f8a9a]
V  [jvm.dll+0x74247a]
V  [jvm.dll+0x743c2f]
V  [jvm.dll+0x744273]
V  [jvm.dll+0x20d288]
V  [jvm.dll+0x5f5dea]
V  [jvm.dll+0x5eac45]
V  [jvm.dll+0x2c7e9c]
V  [jvm.dll+0x2c7cd2]
V  [jvm.dll+0x2cdbbc]
V  [jvm.dll+0x313fe8]
V  [jvm.dll+0x313710]
V  [jvm.dll+0x2a092a]
V  [jvm.dll+0x2a1a79]
V  [jvm.dll+0x71fd48]
V  [jvm.dll+0x321c14]
V  [jvm.dll+0x70112c]
V  [jvm.dll+0x392def]
V  [jvm.dll+0x394e61]
C  [jli.dll+0x524b]
C  [ucrtbase.dll+0x210b2]
C  [KERNEL32.DLL+0x17c24]
C  [ntdll.dll+0x6d4d1]


---------------  P R O C E S S  ---------------

Threads class SMR info:
_java_thread_list=0x00007fffa3e73038, length=0, elements={
}

Java Threads: ( => current thread )

Other Threads:
  0x000001b6c1572800 GCTaskThread "GC Thread#0" [stack: 0x0000003e8bc00000,0x0000003e8bd00000] [id=23256]
  0x000001b6c1595000 ConcurrentGCThread "G1 Main Marker" [stack: 0x0000003e8bd00000,0x0000003e8be00000] [id=21068]
  0x000001b6c1598800 ConcurrentGCThread "G1 Conc#0" [stack: 0x0000003e8be00000,0x0000003e8bf00000] [id=22312]

[error occurred during error reporting (printing all threads), id 0xc0000005, EXCEPTION_ACCESS_VIOLATION (0xc0000005) at pc=0x00007fffa36a1257]

VM state:not at safepoint (not fully initialized)

VM Mutex/Monitor currently owned by a thread:  ([mutex/lock_event])
[0x000001b6c1506360] Heap_lock - owner thread: 0x000001b6c150a800

Heap address: 0x0000000700e00000, size: 4082 MB, Compressed Oops mode: Zero based, Oop shift amount: 3
Narrow klass base: 0x0000000000000000, Narrow klass shift: 0

GC Heap History (0 events):
No events

Deoptimization events (0 events):
No events

Classes unloaded (0 events):
No events

Classes redefined (0 events):
No events

Internal exceptions (0 events):
No events

Events (2 events):
Event: 0.032 Loaded shared library C:\Users\stxz\.p2\pool\plugins\org.eclipse.justj.openjdk.hotspot.jre.full.win32.x86_64_14.0.2.v20200815-0932\jre\bin\java.dll
Event: 0.037 Loaded shared library C:\Users\stxz\.p2\pool\plugins\org.eclipse.justj.openjdk.hotspot.jre.full.win32.x86_64_14.0.2.v20200815-0932\jre\bin\zip.dll


Dynamic libraries:
0x00007ff60d560000 - 0x00007ff60d56d000 	C:\Users\stxz\.p2\pool\plugins\org.eclipse.justj.openjdk.hotspot.jre.full.win32.x86_64_14.0.2.v20200815-0932\jre\bin\javaw.exe
0x00007ff805fc0000 - 0x00007ff8061b0000 	C:\WINDOWS\SYSTEM32\ntdll.dll
0x00007ff8042e0000 - 0x00007ff804392000 	C:\WINDOWS\System32\KERNEL32.DLL
0x00007ff803300000 - 0x00007ff8035a5000 	C:\WINDOWS\System32\KERNELBASE.dll
0x00007ff8035b0000 - 0x00007ff8036aa000 	C:\WINDOWS\System32\ucrtbase.dll
0x00007ff800640000 - 0x00007ff800658000 	C:\Users\stxz\.p2\pool\plugins\org.eclipse.justj.openjdk.hotspot.jre.full.win32.x86_64_14.0.2.v20200815-0932\jre\bin\jli.dll
0x00007ff804ca0000 - 0x00007ff804e34000 	C:\WINDOWS\System32\USER32.dll
0x00007ff803750000 - 0x00007ff803771000 	C:\WINDOWS\System32\win32u.dll
0x00007ff804ad0000 - 0x00007ff804af6000 	C:\WINDOWS\System32\GDI32.dll
0x00007ff802f60000 - 0x00007ff8030f6000 	C:\WINDOWS\System32\gdi32full.dll
0x00007ff8036b0000 - 0x00007ff80374e000 	C:\WINDOWS\System32\msvcp_win.dll
0x00007ff800250000 - 0x00007ff800265000 	C:\Users\stxz\.p2\pool\plugins\org.eclipse.justj.openjdk.hotspot.jre.full.win32.x86_64_14.0.2.v20200815-0932\jre\bin\VCRUNTIME140.dll
0x00007ffff38c0000 - 0x00007ffff3b44000 	C:\WINDOWS\WinSxS\amd64_microsoft.windows.common-controls_6595b64144ccf1df_6.0.18362.1256_none_9e7e379be45e40e2\COMCTL32.dll
0x00007ff804b00000 - 0x00007ff804b9e000 	C:\WINDOWS\System32\msvcrt.dll
0x00007ff805630000 - 0x00007ff805966000 	C:\WINDOWS\System32\combase.dll
0x00007ff8047c0000 - 0x00007ff8048e0000 	C:\WINDOWS\System32\RPCRT4.dll
0x00007ff803250000 - 0x00007ff8032d1000 	C:\WINDOWS\System32\bcryptPrimitives.dll
0x00007ff804e40000 - 0x00007ff804e6e000 	C:\WINDOWS\System32\IMM32.DLL
0x00007fffe2f60000 - 0x00007fffe2ffb000 	C:\Users\stxz\.p2\pool\plugins\org.eclipse.justj.openjdk.hotspot.jre.full.win32.x86_64_14.0.2.v20200815-0932\jre\bin\msvcp140.dll
0x00007fffa33f0000 - 0x00007fffa3f0e000 	C:\Users\stxz\.p2\pool\plugins\org.eclipse.justj.openjdk.hotspot.jre.full.win32.x86_64_14.0.2.v20200815-0932\jre\bin\server\jvm.dll
0x00007ff8040d0000 - 0x00007ff804173000 	C:\WINDOWS\System32\ADVAPI32.dll
0x00007ff8048e0000 - 0x00007ff804977000 	C:\WINDOWS\System32\sechost.dll
0x00007ff804bc0000 - 0x00007ff804bc8000 	C:\WINDOWS\System32\PSAPI.DLL
0x00007ff800190000 - 0x00007ff800199000 	C:\WINDOWS\SYSTEM32\WSOCK32.dll
0x00007ff805f10000 - 0x00007ff805f7f000 	C:\WINDOWS\System32\WS2_32.dll
0x00007ff800390000 - 0x00007ff8003b4000 	C:\WINDOWS\SYSTEM32\WINMM.dll
0x00007ffffbc20000 - 0x00007ffffbc2a000 	C:\WINDOWS\SYSTEM32\VERSION.dll
0x00007ff800160000 - 0x00007ff80018d000 	C:\WINDOWS\SYSTEM32\WINMMBASE.dll
0x00007ff8037e0000 - 0x00007ff80382a000 	C:\WINDOWS\System32\cfgmgr32.dll
0x00007ff802ee0000 - 0x00007ff802ef1000 	C:\WINDOWS\System32\kernel.appcore.dll
0x00007ff800660000 - 0x00007ff80066a000 	C:\Users\stxz\.p2\pool\plugins\org.eclipse.justj.openjdk.hotspot.jre.full.win32.x86_64_14.0.2.v20200815-0932\jre\bin\jimage.dll
0x00007ffff15f0000 - 0x00007ffff17e4000 	C:\WINDOWS\SYSTEM32\DBGHELP.DLL
0x00007ffff0920000 - 0x00007ffff094a000 	C:\WINDOWS\SYSTEM32\dbgcore.DLL
0x00007ffff9f30000 - 0x00007ffff9f55000 	C:\Users\stxz\.p2\pool\plugins\org.eclipse.justj.openjdk.hotspot.jre.full.win32.x86_64_14.0.2.v20200815-0932\jre\bin\java.dll
0x00007ffffe310000 - 0x00007ffffe326000 	C:\Users\stxz\.p2\pool\plugins\org.eclipse.justj.openjdk.hotspot.jre.full.win32.x86_64_14.0.2.v20200815-0932\jre\bin\zip.dll

dbghelp: loaded successfully - version: 4.0.5 - missing functions: none
symbol engine: initialized successfully - sym options: 0x614 - pdb path: .;C:\Users\stxz\.p2\pool\plugins\org.eclipse.justj.openjdk.hotspot.jre.full.win32.x86_64_14.0.2.v20200815-0932\jre\bin;C:\WINDOWS\SYSTEM32;C:\WINDOWS\WinSxS\amd64_microsoft.windows.common-controls_6595b64144ccf1df_6.0.18362.1256_none_9e7e379be45e40e2;C:\Users\stxz\.p2\pool\plugins\org.eclipse.justj.openjdk.hotspot.jre.full.win32.x86_64_14.0.2.v20200815-0932\jre\bin\server

VM Arguments:
jvm_args: -Dfile.encoding=MS949 -XX:+ShowCodeDetailsInExceptionMessages 
java_command: com.bit.day12.Ex08
java_class_path (initial): C:\Users\stxz\Desktop\bitcamp\javaWork\day12\bin
Launcher Type: SUN_STANDARD

[Global flags]
     intx CICompilerCount                          = 3                                         {product} {ergonomic}
     uint ConcGCThreads                            = 1                                         {product} {ergonomic}
     uint G1ConcRefinementThreads                  = 4                                         {product} {ergonomic}
   size_t G1HeapRegionSize                         = 1048576                                   {product} {ergonomic}
    uintx GCDrainStackTargetSize                   = 64                                        {product} {ergonomic}
   size_t InitialHeapSize                          = 268435456                                 {product} {ergonomic}
   size_t MarkStackSize                            = 4194304                                   {product} {ergonomic}
   size_t MaxHeapSize                              = 4280287232                                {product} {ergonomic}
   size_t MinHeapDeltaBytes                        = 1048576                                   {product} {ergonomic}
   size_t MinHeapSize                              = 8388608                                   {product} {ergonomic}
    uintx NonNMethodCodeHeapSize                   = 5832780                                {pd product} {ergonomic}
    uintx NonProfiledCodeHeapSize                  = 122912730                              {pd product} {ergonomic}
    uintx ProfiledCodeHeapSize                     = 122912730                              {pd product} {ergonomic}
    uintx ReservedCodeCacheSize                    = 251658240                              {pd product} {ergonomic}
     bool SegmentedCodeCache                       = true                                      {product} {ergonomic}
     bool ShowCodeDetailsInExceptionMessages       = true                                   {manageable} {command line}
   size_t SoftMaxHeapSize                          = 4280287232                             {manageable} {ergonomic}
     bool UseCompressedClassPointers               = true                                 {lp64_product} {ergonomic}
     bool UseCompressedOops                        = true                                 {lp64_product} {ergonomic}
     bool UseG1GC                                  = true                                      {product} {ergonomic}
     bool UseLargePagesIndividualAllocation        = false                                  {pd product} {ergonomic}

Logging:
Log output configuration:
 #0: stdout all=warning uptime,level,tags
 #1: stderr all=off uptime,level,tags

Environment Variables:
JAVA_HOME=C:\Program Files\Java\jdk1.8.0_271
PATH=C:/Users/stxz/.p2/pool/plugins/org.eclipse.justj.openjdk.hotspot.jre.full.win32.x86_64_14.0.2.v20200815-0932/jre/bin/server;C:/Users/stxz/.p2/pool/plugins/org.eclipse.justj.openjdk.hotspot.jre.full.win32.x86_64_14.0.2.v20200815-0932/jre/bin;C:\Program Files (x86)\Common Files\Oracle\Java\javapath;C:\NewGen\Rebirth\Dll;C:\WINDOWS\system32;C:\WINDOWS;C:\WINDOWS\System32\Wbem;C:\WINDOWS\System32\WindowsPowerShell\v1.0\;C:\WINDOWS\System32\OpenSSH\;C:\Program Files (x86)\NVIDIA Corporation\PhysX\Common;C:\Program Files\NVIDIA Corporation\NVIDIA NvDLISR;C:\WINDOWS\system32;C:\WINDOWS;C:\WINDOWS\System32\Wbem;C:\WINDOWS\System32\WindowsPowerShell\v1.0\;C:\WINDOWS\System32\OpenSSH\;C:\Program Files\Java\jdk1.8.0_271\bin;C:\Users\stxz\AppData\Local\Microsoft\WindowsApps;C:\Program Files\Bandizip\;;C:\Users\stxz\Desktop;
USERNAME=stxz
OS=Windows_NT
PROCESSOR_IDENTIFIER=Intel64 Family 6 Model 158 Stepping 9, GenuineIntel



---------------  S Y S T E M  ---------------

OS: Windows 10 , 64 bit Build 18362 (10.0.18362.1110)
OS uptime: 1 days 2:56 hours

CPU:total 4 (initial active 4) (4 cores per cpu, 1 threads per core) family 6 model 158 stepping 9, cmov, cx8, fxsr, mmx, sse, sse2, sse3, ssse3, sse4.1, sse4.2, popcnt, avx, avx2, aes, clmul, erms, rtm, 3dnowpref, lzcnt, tsc, tscinvbit, bmi1, bmi2, adx, fma

Memory: 4k page, system-wide physical 16324M (4125M free)
TotalPageFile size 19251M (AvailPageFile size 208M)
current process WorkingSet (physical memory assigned to process): 10M, peak: 10M
current process commit charge ("private bytes"): 52M, peak: 308M

vm_info: OpenJDK 64-Bit Server VM (14.0.2+12-46) for windows-amd64 JRE (14.0.2+12-46), built on Jul  9 2020 00:31:16 by "mach5one" with MS VC++ 15.9 (VS2017)

END.
